Start trimming
../data/fastq/hash1_1_Jvpna21.fq.gz starts trimming nowwwwwww
hash1_1_Jvpna21.fq.gz_trimmed.fastq.gz
Analysis complete for hash1_1_Jvpna21.fq.gz_trimmed.fastq.gz
../data/fastq/hash1_1_Jvpna22.fq.gz starts trimming nowwwwwww
hash1_1_Jvpna22.fq.gz_trimmed.fastq.gz
Analysis complete for hash1_1_Jvpna22.fq.gz_trimmed.fastq.gz
../data/fastq/hash1_1_Jvpna30.fq.gz starts trimming nowwwwwww
hash1_1_Jvpna30.fq.gz_trimmed.fastq.gz
Analysis complete for hash1_1_Jvpna30.fq.gz_trimmed.fastq.gz
../data/fastq/hash1_1_Jvpna31.fq.gz starts trimming nowwwwwww
hash1_1_Jvpna31.fq.gz_trimmed.fastq.gz
Analysis complete for hash1_1_Jvpna31.fq.gz_trimmed.fastq.gz
../data/fastq/hash1_1_Jvpna32.fq.gz starts trimming nowwwwwww
hash1_1_Jvpna32.fq.gz_trimmed.fastq.gz
Analysis complete for hash1_1_Jvpna32.fq.gz_trimmed.fastq.gz
../data/fastq/hash1_1_Jvpna33.fq.gz starts trimming nowwwwwww
hash1_1_Jvpna33.fq.gz_trimmed.fastq.gz
Analysis complete for hash1_1_Jvpna33.fq.gz_trimmed.fastq.gz
../data/fastq/hash1_1_Jvpna34.fq.gz starts trimming nowwwwwww
hash1_1_Jvpna34.fq.gz_trimmed.fastq.gz
Analysis complete for hash1_1_Jvpna34.fq.gz_trimmed.fastq.gz
../data/fastq/hash1_1_Jvpna36.fq.gz starts trimming nowwwwwww
hash1_1_Jvpna36.fq.gz_trimmed.fastq.gz
Analysis complete for hash1_1_Jvpna36.fq.gz_trimmed.fastq.gz
../data/fastq/hash1_1_Jvpna37.fq.gz starts trimming nowwwwwww
hash1_1_Jvpna37.fq.gz_trimmed.fastq.gz
Analysis complete for hash1_1_Jvpna37.fq.gz_trimmed.fastq.gz
../data/fastq/hash1_1_w_o_control.fq.gz starts trimming nowwwwwww
hash1_1_w_o_control.fq.gz_trimmed.fastq.gz
Analysis complete for hash1_1_w_o_control.fq.gz_trimmed.fastq.gz
../data/fastq/hash1_2_JVpna100.fq.gz starts trimming nowwwwwww
hash1_2_JVpna100.fq.gz_trimmed.fastq.gz
Analysis complete for hash1_2_JVpna100.fq.gz_trimmed.fastq.gz
../data/fastq/hash1_2_JVpna101.fq.gz starts trimming nowwwwwww
hash1_2_JVpna101.fq.gz_trimmed.fastq.gz
Analysis complete for hash1_2_JVpna101.fq.gz_trimmed.fastq.gz
../data/fastq/hash1_2_JVpna102.fq.gz starts trimming nowwwwwww
hash1_2_JVpna102.fq.gz_trimmed.fastq.gz
Analysis complete for hash1_2_JVpna102.fq.gz_trimmed.fastq.gz
../data/fastq/hash1_2_JVpna29.fq.gz starts trimming nowwwwwww
hash1_2_JVpna29.fq.gz_trimmed.fastq.gz
Analysis complete for hash1_2_JVpna29.fq.gz_trimmed.fastq.gz
../data/fastq/hash1_2_JVpna35.fq.gz starts trimming nowwwwwww
hash1_2_JVpna35.fq.gz_trimmed.fastq.gz
Analysis complete for hash1_2_JVpna35.fq.gz_trimmed.fastq.gz
../data/fastq/hash1_2_JVpna99.fq.gz starts trimming nowwwwwww
hash1_2_JVpna99.fq.gz_trimmed.fastq.gz
Analysis complete for hash1_2_JVpna99.fq.gz_trimmed.fastq.gz
../data/fastq/hash1_2_w_o_control.fq.gz starts trimming nowwwwwww
hash1_2_w_o_control.fq.gz_trimmed.fastq.gz
Analysis complete for hash1_2_w_o_control.fq.gz_trimmed.fastq.gz
../data/fastq/hash2_1_Jvpna21.fq.gz starts trimming nowwwwwww
hash2_1_Jvpna21.fq.gz_trimmed.fastq.gz
Analysis complete for hash2_1_Jvpna21.fq.gz_trimmed.fastq.gz
../data/fastq/hash2_1_Jvpna22.fq.gz starts trimming nowwwwwww
hash2_1_Jvpna22.fq.gz_trimmed.fastq.gz
Analysis complete for hash2_1_Jvpna22.fq.gz_trimmed.fastq.gz
../data/fastq/hash2_1_Jvpna30.fq.gz starts trimming nowwwwwww
hash2_1_Jvpna30.fq.gz_trimmed.fastq.gz
Analysis complete for hash2_1_Jvpna30.fq.gz_trimmed.fastq.gz
../data/fastq/hash2_1_Jvpna31.fq.gz starts trimming nowwwwwww
hash2_1_Jvpna31.fq.gz_trimmed.fastq.gz
Analysis complete for hash2_1_Jvpna31.fq.gz_trimmed.fastq.gz
../data/fastq/hash2_1_Jvpna32.fq.gz starts trimming nowwwwwww
hash2_1_Jvpna32.fq.gz_trimmed.fastq.gz
Analysis complete for hash2_1_Jvpna32.fq.gz_trimmed.fastq.gz
../data/fastq/hash2_1_Jvpna33.fq.gz starts trimming nowwwwwww
hash2_1_Jvpna33.fq.gz_trimmed.fastq.gz
Analysis complete for hash2_1_Jvpna33.fq.gz_trimmed.fastq.gz
../data/fastq/hash2_1_Jvpna34.fq.gz starts trimming nowwwwwww
hash2_1_Jvpna34.fq.gz_trimmed.fastq.gz
Analysis complete for hash2_1_Jvpna34.fq.gz_trimmed.fastq.gz
../data/fastq/hash2_1_Jvpna36.fq.gz starts trimming nowwwwwww
hash2_1_Jvpna36.fq.gz_trimmed.fastq.gz
Analysis complete for hash2_1_Jvpna36.fq.gz_trimmed.fastq.gz
../data/fastq/hash2_1_Jvpna37.fq.gz starts trimming nowwwwwww
hash2_1_Jvpna37.fq.gz_trimmed.fastq.gz
Analysis complete for hash2_1_Jvpna37.fq.gz_trimmed.fastq.gz
../data/fastq/hash2_1_w_o_control.fq.gz starts trimming nowwwwwww
hash2_1_w_o_control.fq.gz_trimmed.fastq.gz
Analysis complete for hash2_1_w_o_control.fq.gz_trimmed.fastq.gz
../data/fastq/hash2_2_JVpna100.fq.gz starts trimming nowwwwwww
hash2_2_JVpna100.fq.gz_trimmed.fastq.gz
Analysis complete for hash2_2_JVpna100.fq.gz_trimmed.fastq.gz
../data/fastq/hash2_2_JVpna101.fq.gz starts trimming nowwwwwww
hash2_2_JVpna101.fq.gz_trimmed.fastq.gz
Analysis complete for hash2_2_JVpna101.fq.gz_trimmed.fastq.gz
../data/fastq/hash2_2_JVpna102.fq.gz starts trimming nowwwwwww
hash2_2_JVpna102.fq.gz_trimmed.fastq.gz
Analysis complete for hash2_2_JVpna102.fq.gz_trimmed.fastq.gz
../data/fastq/hash2_2_JVpna29.fq.gz starts trimming nowwwwwww
hash2_2_JVpna29.fq.gz_trimmed.fastq.gz
Analysis complete for hash2_2_JVpna29.fq.gz_trimmed.fastq.gz
../data/fastq/hash2_2_JVpna35.fq.gz starts trimming nowwwwwww
hash2_2_JVpna35.fq.gz_trimmed.fastq.gz
Analysis complete for hash2_2_JVpna35.fq.gz_trimmed.fastq.gz
../data/fastq/hash2_2_JVpna99.fq.gz starts trimming nowwwwwww
hash2_2_JVpna99.fq.gz_trimmed.fastq.gz
Analysis complete for hash2_2_JVpna99.fq.gz_trimmed.fastq.gz
../data/fastq/hash2_2_w_o_control.fq.gz starts trimming nowwwwwww
hash2_2_w_o_control.fq.gz_trimmed.fastq.gz
Analysis complete for hash2_2_w_o_control.fq.gz_trimmed.fastq.gz
../data/fastq/hash3_1_JVpna103.fq.gz starts trimming nowwwwwww
hash3_1_JVpna103.fq.gz_trimmed.fastq.gz
Analysis complete for hash3_1_JVpna103.fq.gz_trimmed.fastq.gz
../data/fastq/hash3_1_w_o_control.fq.gz starts trimming nowwwwwww
hash3_1_w_o_control.fq.gz_trimmed.fastq.gz
Analysis complete for hash3_1_w_o_control.fq.gz_trimmed.fastq.gz
../data/fastq/hash3_2_JVpna103.fq.gz starts trimming nowwwwwww
hash3_2_JVpna103.fq.gz_trimmed.fastq.gz
Analysis complete for hash3_2_JVpna103.fq.gz_trimmed.fastq.gz
../data/fastq/hash3_2_w_o_control.fq.gz starts trimming nowwwwwww
hash3_2_w_o_control.fq.gz_trimmed.fastq.gz
Analysis complete for hash3_2_w_o_control.fq.gz_trimmed.fastq.gz
Trimming done. Start maopping
Starting mapping for sample: hash1_1_Jvpna21.fq.gz
Starting mapping for sample: hash1_1_Jvpna22.fq.gz
Starting mapping for sample: hash1_1_Jvpna30.fq.gz
Starting mapping for sample: hash1_1_Jvpna31.fq.gz
Starting mapping for sample: hash1_1_Jvpna32.fq.gz
Starting mapping for sample: hash1_1_Jvpna33.fq.gz
Starting mapping for sample: hash1_1_Jvpna34.fq.gz
Starting mapping for sample: hash1_1_Jvpna36.fq.gz
Starting mapping for sample: hash1_1_Jvpna37.fq.gz
Starting mapping for sample: hash1_1_w_o_control.fq.gz
Starting mapping for sample: hash1_2_JVpna100.fq.gz
Starting mapping for sample: hash1_2_JVpna101.fq.gz
Starting mapping for sample: hash1_2_JVpna102.fq.gz
Starting mapping for sample: hash1_2_JVpna29.fq.gz
Starting mapping for sample: hash1_2_JVpna35.fq.gz
Starting mapping for sample: hash1_2_JVpna99.fq.gz
Starting mapping for sample: hash1_2_w_o_control.fq.gz
Starting mapping for sample: hash2_1_Jvpna21.fq.gz
Starting mapping for sample: hash2_1_Jvpna22.fq.gz
Starting mapping for sample: hash2_1_Jvpna30.fq.gz
Starting mapping for sample: hash2_1_Jvpna31.fq.gz
Starting mapping for sample: hash2_1_Jvpna32.fq.gz
Starting mapping for sample: hash2_1_Jvpna33.fq.gz
Starting mapping for sample: hash2_1_Jvpna34.fq.gz
Starting mapping for sample: hash2_1_Jvpna36.fq.gz
Starting mapping for sample: hash2_1_Jvpna37.fq.gz
Starting mapping for sample: hash2_1_w_o_control.fq.gz
